2021-04-15 15:12:55,675 [INFO ]  Starting Rasa server on http://localhost:5005
2021-04-15 15:12:55,682 [INFO ]  Loading model models/20210330-171433.tar.gz...
2021-04-15 15:12:56,458 [INFO ]  Loading model models/20210330-171433.tar.gz...
2021-04-15 15:13:09,567 [ERROR]  Failed to load TED policy model. Path '/var/folders/b_/t02f9kv16hd64brvlbpnhjk5db809s/T/tmp7rxyokws/core/policy_0_TEDPolicy' doesn't exist.
2021-04-15 15:13:09,568 [WARNI]  Failed to load policy rasa.core.policies.ted_policy.TEDPolicy: load returned None
2021-04-15 15:13:09,570 [INFO ]  Rasa server is up and running.
2021-04-15 17:39:53,812 [INFO ]  Starting Rasa server on http://localhost:5005
2021-04-15 17:39:53,820 [INFO ]  Loading model models/nlu-20210415-173909.tar.gz...
2021-04-15 17:39:54,536 [INFO ]  Loading model models/nlu-20210415-173909.tar.gz...
2021-04-15 17:40:08,964 [INFO ]  Rasa server is up and running.
2021-04-15 18:16:26,099 [INFO ]  Starting Rasa server on http://localhost:5005
2021-04-15 18:16:26,107 [INFO ]  Loading model models/nlu-20210415-181508.tar.gz...
2021-04-15 18:16:26,779 [INFO ]  Loading model models/nlu-20210415-181508.tar.gz...
2021-04-15 18:16:39,431 [INFO ]  Rasa server is up and running.
2021-04-15 18:51:24,327 [INFO ]  Starting Rasa server on http://localhost:5005
2021-04-15 18:51:24,335 [INFO ]  Loading model models/nlu-20210415-184959.tar.gz...
2021-04-15 18:51:25,040 [INFO ]  Loading model models/nlu-20210415-184959.tar.gz...
2021-04-15 18:51:39,274 [INFO ]  Rasa server is up and running.
2021-04-15 19:05:52,139 [INFO ]  Starting Rasa server on http://localhost:5005
2021-04-15 19:05:52,147 [INFO ]  Loading model models/20210415-190501.tar.gz...
2021-04-15 19:05:52,864 [INFO ]  Loading model models/20210415-190501.tar.gz...
2021-04-15 19:06:04,965 [ERROR]  Failed to load TED policy model. Path '/var/folders/b_/t02f9kv16hd64brvlbpnhjk5db809s/T/tmpzjz4znap/core/policy_0_TEDPolicy' doesn't exist.
2021-04-15 19:06:04,965 [WARNI]  Failed to load policy rasa.core.policies.ted_policy.TEDPolicy: load returned None
2021-04-15 19:06:04,966 [INFO ]  Rasa server is up and running.
2021-04-16 13:02:52,508 [INFO ]  Starting Rasa server on http://localhost:5005
2021-04-16 13:02:52,515 [INFO ]  Loading model models/20210416-124203.tar.gz...
2021-04-16 13:02:53,214 [INFO ]  Loading model models/20210416-124203.tar.gz...
2021-04-16 13:03:05,689 [ERROR]  Failed to load TED policy model. Path '/var/folders/b_/t02f9kv16hd64brvlbpnhjk5db809s/T/tmpm3qeop73/core/policy_0_TEDPolicy' doesn't exist.
2021-04-16 13:03:05,689 [WARNI]  Failed to load policy rasa.core.policies.ted_policy.TEDPolicy: load returned None
2021-04-16 13:03:05,690 [INFO ]  Rasa server is up and running.
2021-04-16 14:43:54,467 [INFO ]  Starting Rasa server on http://localhost:5005
2021-04-16 14:43:54,474 [INFO ]  Loading model models/20210416-124203.tar.gz...
2021-04-16 14:43:55,620 [INFO ]  Loading model models/20210416-124203.tar.gz...
2021-04-16 14:44:09,208 [ERROR]  Failed to load TED policy model. Path '/var/folders/b_/t02f9kv16hd64brvlbpnhjk5db809s/T/tmpn8aysll3/core/policy_0_TEDPolicy' doesn't exist.
2021-04-16 14:44:09,208 [WARNI]  Failed to load policy rasa.core.policies.ted_policy.TEDPolicy: load returned None
2021-04-16 14:44:09,209 [INFO ]  Rasa server is up and running.
2021-04-16 15:08:59,319 [INFO ]  Starting Rasa server on http://localhost:5005
2021-04-16 15:08:59,326 [INFO ]  Loading model models/20210416-150423.tar.gz...
2021-04-16 15:09:00,163 [INFO ]  Loading model models/20210416-150423.tar.gz...
2021-04-16 15:09:13,682 [ERROR]  Failed to load TED policy model. Path '/var/folders/b_/t02f9kv16hd64brvlbpnhjk5db809s/T/tmpnyncdpuj/core/policy_0_TEDPolicy' doesn't exist.
2021-04-16 15:09:13,682 [WARNI]  Failed to load policy rasa.core.policies.ted_policy.TEDPolicy: load returned None
2021-04-16 15:09:13,683 [INFO ]  Rasa server is up and running.
2021-04-16 15:16:21,843 [INFO ]  Starting Rasa server on http://localhost:5005
2021-04-16 15:16:21,850 [INFO ]  Loading model models/20210416-151522.tar.gz...
2021-04-16 15:16:22,390 [INFO ]  Loading model models/20210416-151522.tar.gz...
2021-04-16 15:16:22,659 [ERROR]  Failed to load TED policy model. Path '/var/folders/b_/t02f9kv16hd64brvlbpnhjk5db809s/T/tmp7p5wy5vp/core/policy_0_TEDPolicy' doesn't exist.
2021-04-16 15:16:22,659 [WARNI]  Failed to load policy rasa.core.policies.ted_policy.TEDPolicy: load returned None
2021-04-16 15:16:22,660 [INFO ]  Rasa server is up and running.
2021-04-16 15:23:25,766 [INFO ]  Starting Rasa server on http://localhost:5005
2021-04-16 15:23:25,776 [INFO ]  Loading model models/20210416-152004.tar.gz...
2021-04-16 15:23:26,615 [INFO ]  Loading model models/20210416-152004.tar.gz...
2021-04-16 15:23:38,807 [ERROR]  Failed to load TED policy model. Path '/var/folders/b_/t02f9kv16hd64brvlbpnhjk5db809s/T/tmpuvn680d8/core/policy_0_TEDPolicy' doesn't exist.
2021-04-16 15:23:38,807 [WARNI]  Failed to load policy rasa.core.policies.ted_policy.TEDPolicy: load returned None
2021-04-16 15:23:38,808 [INFO ]  Rasa server is up and running.
2021-04-18 18:56:29,014 [INFO ]  Starting Rasa server on http://localhost:5005
2021-04-18 18:56:29,022 [INFO ]  Loading model models/20210416-152004.tar.gz...
2021-04-18 18:56:29,757 [INFO ]  Loading model models/20210416-152004.tar.gz...
2021-04-18 18:56:42,236 [ERROR]  Failed to load TED policy model. Path '/var/folders/b_/t02f9kv16hd64brvlbpnhjk5db809s/T/tmp4s8aa3fv/core/policy_0_TEDPolicy' doesn't exist.
2021-04-18 18:56:42,236 [WARNI]  Failed to load policy rasa.core.policies.ted_policy.TEDPolicy: load returned None
2021-04-18 18:56:42,237 [INFO ]  Rasa server is up and running.
2021-04-19 23:17:48,363 [INFO ]  Starting Rasa server on http://localhost:5005
2021-04-19 23:17:48,370 [INFO ]  Loading model models/20210416-152004.tar.gz...
2021-04-19 23:17:49,314 [INFO ]  Loading model models/20210416-152004.tar.gz...
2021-04-19 23:18:03,593 [ERROR]  Failed to load TED policy model. Path '/var/folders/b_/t02f9kv16hd64brvlbpnhjk5db809s/T/tmpp9s6wsn1/core/policy_0_TEDPolicy' doesn't exist.
2021-04-19 23:18:03,593 [WARNI]  Failed to load policy rasa.core.policies.ted_policy.TEDPolicy: load returned None
2021-04-19 23:18:03,595 [INFO ]  Rasa server is up and running.
2021-04-25 11:54:02,737 [INFO ]  Starting Rasa server on http://localhost:5005
2021-04-25 11:54:02,744 [INFO ]  Loading model models/20210416-152004.tar.gz...
2021-04-25 11:54:03,436 [INFO ]  Loading model models/20210416-152004.tar.gz...
2021-04-25 11:54:16,441 [ERROR]  Failed to load TED policy model. Path '/var/folders/b_/t02f9kv16hd64brvlbpnhjk5db809s/T/tmp2fvsp9_b/core/policy_0_TEDPolicy' doesn't exist.
2021-04-25 11:54:16,442 [WARNI]  Failed to load policy rasa.core.policies.ted_policy.TEDPolicy: load returned None
2021-04-25 11:54:16,443 [INFO ]  Rasa server is up and running.
2021-05-02 21:58:50,239 [INFO ]  Starting Rasa server on http://localhost:5005
2021-05-02 21:58:50,246 [INFO ]  Loading model models/20210416-152004.tar.gz...
2021-05-02 21:58:52,635 [INFO ]  Loading model models/20210416-152004.tar.gz...
2021-05-02 21:59:05,639 [ERROR]  Failed to load TED policy model. Path '/var/folders/b_/t02f9kv16hd64brvlbpnhjk5db809s/T/tmptu37ihbu/core/policy_0_TEDPolicy' doesn't exist.
2021-05-02 21:59:05,639 [WARNI]  Failed to load policy rasa.core.policies.ted_policy.TEDPolicy: load returned None
2021-05-02 21:59:05,640 [INFO ]  Rasa server is up and running.
2021-05-03 17:18:42,805 [INFO ]  Starting Rasa server on http://localhost:5005
2021-05-03 17:18:42,815 [INFO ]  Loading model models/20210416-152004.tar.gz...
2021-05-03 17:18:43,505 [INFO ]  Loading model models/20210416-152004.tar.gz...
2021-05-03 17:18:55,883 [ERROR]  Failed to load TED policy model. Path '/var/folders/b_/t02f9kv16hd64brvlbpnhjk5db809s/T/tmptdew7t3c/core/policy_0_TEDPolicy' doesn't exist.
2021-05-03 17:18:55,884 [WARNI]  Failed to load policy rasa.core.policies.ted_policy.TEDPolicy: load returned None
2021-05-03 17:18:55,885 [INFO ]  Rasa server is up and running.
